2026-03-13 15:04:00 - Iniciando API
Campos preenchidos: gustavo
Imagem salva: uploads/69b419503e7c7_Captura de tela 2026-01-30 113624.png
Preparando SQL
Inserido com sucesso
2026-03-18 11:50:43 - Iniciando API
Campos preenchidos: Luma
Imagem salva: uploads/69ba83833ffe7_Captura de tela 2026-03-18 075038.png
Preparando SQL
Inserido com sucesso
2026-03-18 11:53:48 - api_termos_pendentes.php: categoria_id = 2
Encontrados 1 termos
2026-03-18 12:00:21 - api_termos_pendentes.php: categoria_id = 2
Encontrados 1 termos
2026-03-18 12:00:24 - api_termos_pendentes.php: categoria_id = 2
Encontrados 1 termos
2026-03-18 12:03:06 - Iniciando API
Campos preenchidos: Luma
Imagem salva: uploads/69ba866a16682_Captura de tela 2026-03-18 075038.png
Preparando SQL
Inserido com sucesso
2026-03-18 12:03:23 - api_termos_pendentes.php: categoria_id = 2
Encontrados 2 termos
2026-03-18 12:03:24 - api_termos_pendentes.php: categoria_id = 2
Encontrados 2 termos
2026-03-18 12:03:34 - api_termos_pendentes.php: categoria_id = 2
Encontrados 2 termos
2026-03-18 12:12:40 - api_termos_pendentes.php: categoria_id = 2
Encontrados 2 termos
2026-03-18 12:13:12 - Iniciando API
Campos preenchidos: Luma
Imagem salva: uploads/69ba88c82995a_Captura de tela 2026-03-18 075038.png
Preparando SQL
Inserido com sucesso
2026-03-18 12:13:32 - api_termos_pendentes.php: categoria_id = 2
Encontrados 3 termos
2026-03-18 12:13:36 - api_termos_pendentes.php: categoria_id = 2
Encontrados 3 termos
2026-03-18 12:13:37 - api_termos_pendentes.php: categoria_id = 2
Encontrados 3 termos
2026-03-18 12:13:37 - api_termos_pendentes.php: categoria_id = 2
Encontrados 3 termos
2026-03-18 12:14:00 - Iniciando API
Campos preenchidos: Luma
Imagem salva: uploads/69ba88f81f989_Captura de tela 2026-03-18 075038.png
Preparando SQL
Inserido com sucesso
2026-03-18 12:14:03 - api_termos_pendentes.php: categoria_id = 2
Encontrados 3 termos
2026-03-18 12:14:04 - api_termos_pendentes.php: categoria_id = 2
Encontrados 3 termos
2026-03-18 12:14:13 - api_termos_pendentes.php: categoria_id = 1
Encontrados 0 termos
2026-03-18 12:22:58 - api_termos_pendentes.php: categoria_id = 1
Encontrados 0 termos
2026-03-18 12:23:10 - Iniciando API
Campos preenchidos: Luma
Imagem salva: uploads/69ba8b1e5b54f_Captura de tela 2026-03-18 075038.png
Preparando SQL
Inserido com sucesso
2026-03-18 12:23:12 - api_termos_pendentes.php: categoria_id = 1
Encontrados 1 termos
2026-03-18 12:23:13 - api_termos_pendentes.php: categoria_id = 1
Encontrados 1 termos
2026-03-18 12:23:14 - api_termos_pendentes.php: categoria_id = 1
Encontrados 1 termos
2026-03-18 12:23:14 - api_termos_pendentes.php: categoria_id = 1
Encontrados 1 termos
2026-03-18 12:23:14 - api_termos_pendentes.php: categoria_id = 1
Encontrados 1 termos
2026-03-18 12:23:14 - api_termos_pendentes.php: categoria_id = 1
Encontrados 1 termos
2026-03-18 12:23:26 - Iniciando API
Campos preenchidos: Luma
Imagem não enviada ou erro: 4
Preparando SQL
Inserido com sucesso
2026-03-18 12:23:28 - api_termos_pendentes.php: categoria_id = 1
Encontrados 2 termos
2026-03-18 12:23:29 - api_termos_pendentes.php: categoria_id = 1
Encontrados 2 termos
2026-03-18 12:23:30 - api_termos_pendentes.php: categoria_id = 1
Encontrados 2 termos
2026-03-18 12:23:30 - api_termos_pendentes.php: categoria_id = 1
Encontrados 2 termos
2026-03-18 12:24:36 - api_termos_pendentes.php: categoria_id = 1
Encontrados 2 termos
2026-03-18 12:24:56 - api_termos_pendentes.php: categoria_id = 1
Encontrados 2 termos
2026-03-18 12:25:50 - Iniciando API
Campos preenchidos: Luma
Imagem não enviada ou erro: 4
Preparando SQL
Inserido com sucesso
2026-03-18 12:26:07 - api_termos_pendentes.php: categoria_id = 2
Encontrados 4 termos
2026-03-18 12:26:08 - api_termos_pendentes.php: categoria_id = 2
Encontrados 4 termos
2026-03-18 12:26:08 - api_termos_pendentes.php: categoria_id = 2
Encontrados 4 termos
2026-03-18 12:26:08 - api_termos_pendentes.php: categoria_id = 2
Encontrados 4 termos
2026-03-18 12:26:08 - api_termos_pendentes.php: categoria_id = 2
Encontrados 4 termos
2026-03-18 12:26:09 - api_termos_pendentes.php: categoria_id = 2
Encontrados 4 termos
2026-03-18 12:31:48 - api_termos_pendentes.php: categoria_id(session) = 2, categoria_id(usa) = 2
Encontrados 4 termos
2026-03-18 12:31:51 - api_termos_pendentes.php: categoria_id(session) = 2, categoria_id(usa) = 2
Encontrados 4 termos
2026-03-18 12:31:51 - api_termos_pendentes.php: categoria_id(session) = 2, categoria_id(usa) = 2
Encontrados 4 termos
2026-03-18 12:31:52 - api_termos_pendentes.php: categoria_id(session) = 2, categoria_id(usa) = 2
Encontrados 4 termos
2026-03-18 12:32:30 - api_termos_pendentes.php: categoria_id(session) = 2, categoria_id(usa) = 2
Encontrados 4 termos
2026-03-18 12:32:30 - api_termos_pendentes.php: categoria_id(session) = 2, categoria_id(usa) = 2
Encontrados 4 termos
2026-03-18 12:32:31 - api_termos_pendentes.php: categoria_id(session) = 2, categoria_id(usa) = 2
Encontrados 4 termos
2026-03-18 12:32:31 - api_termos_pendentes.php: categoria_id(session) = 2, categoria_id(usa) = 2
Encontrados 4 termos
2026-03-18 12:32:32 - api_termos_pendentes.php: categoria_id(session) = 2, categoria_id(usa) = 2
Encontrados 4 termos
2026-03-18 12:32:32 - api_termos_pendentes.php: categoria_id(session) = 2, categoria_id(usa) = 2
Encontrados 4 termos
2026-03-18 12:33:00 - api_termos_pendentes.php: categoria_id(session) = 2, categoria_id(usa) = 2
Encontrados 4 termos
2026-03-18 12:42:43 - api_termos_pendentes.php: categoria_id(session) = 2, categoria_id(usa) = 2
Encontrados 4 termos
2026-03-18 12:42:45 - api_termos_pendentes.php: categoria_id(session) = 2, categoria_id(usa) = 2
Encontrados 4 termos
2026-03-18 12:46:45 - api_termos_pendentes.php: categoria_id(session) = 2, categoria_id(usa) = 2
Encontrados 4 termos
2026-03-18 12:46:46 - api_termos_pendentes.php: categoria_id(session) = 2, categoria_id(usa) = 2
Encontrados 4 termos
2026-03-18 12:46:46 - api_termos_pendentes.php: categoria_id(session) = 2, categoria_id(usa) = 2
Encontrados 4 termos
2026-03-18 12:46:46 - api_termos_pendentes.php: categoria_id(session) = 2, categoria_id(usa) = 2
Encontrados 4 termos
2026-03-18 12:46:47 - api_termos_pendentes.php: categoria_id(session) = 2, categoria_id(usa) = 2
Encontrados 4 termos
2026-03-18 12:46:47 - api_termos_pendentes.php: categoria_id(session) = 2, categoria_id(usa) = 2
Encontrados 4 termos
2026-03-18 12:46:47 - api_termos_pendentes.php: categoria_id(session) = 2, categoria_id(usa) = 2
Encontrados 4 termos
2026-03-18 12:46:47 - api_termos_pendentes.php: categoria_id(session) = 2, categoria_id(usa) = 2
Encontrados 4 termos
2026-03-18 12:46:47 - api_termos_pendentes.php: categoria_id(session) = 2, categoria_id(usa) = 2
Encontrados 4 termos
2026-03-18 12:46:52 - api_termos_pendentes.php: categoria_id(session) = 2, categoria_id(usa) = 2
Encontrados 4 termos
2026-03-18 12:46:54 - api_termos_pendentes.php: categoria_id(session) = 2, categoria_id(usa) = 2
Encontrados 4 termos
2026-03-18 12:46:54 - api_termos_pendentes.php: categoria_id(session) = 2, categoria_id(usa) = 2
Encontrados 4 termos
2026-03-18 12:50:38 - api_termos_pendentes.php: categoria_id(session) = 2, categoria_id(usa) = 2
Encontrados 4 termos
2026-03-18 12:50:39 - api_termos_pendentes.php: categoria_id(session) = 2, categoria_id(usa) = 2
Encontrados 4 termos
2026-03-18 12:50:53 - api_termos_pendentes.php: categoria_id(session) = 2, categoria_id(usa) = 2
Encontrados 4 termos
2026-03-18 12:51:10 - api_termos_pendentes.php: categoria_id(session) = 2, categoria_id(usa) = 2
Encontrados 4 termos
2026-03-18 12:53:27 - api_termos_pendentes.php: categoria_id(session) = 2, categoria_id(usa) = 2
Encontrados 4 termos
2026-03-18 12:53:43 - api_termos_pendentes.php: categoria_id(session) = 2, categoria_id(usa) = 2
Encontrados 4 termos
2026-03-18 12:55:06 - api_termos_pendentes.php: categoria_id(session) = 2, categoria_id(usa) = 2
Encontrados 4 termos
2026-03-18 12:57:07 - api_termos_pendentes.php: categoria_id(session) = 2, categoria_id(usa) = 2
Encontrados 4 termos
2026-03-18 12:57:30 - api_termos_pendentes.php: categoria_id(session) = 2, categoria_id(usa) = 2
Encontrados 4 termos
2026-03-18 12:58:01 - api_termos_pendentes.php: categoria_id(session) = 2, categoria_id(usa) = 2
Encontrados 4 termos
2026-03-18 13:00:40 - api_termos_pendentes.php: categoria_id(session) = 2, categoria_id(usa) = 2
Encontrados 4 termos
2026-03-18 13:00:42 - api_termos_pendentes.php: categoria_id(session) = 2, categoria_id(usa) = 2
Encontrados 3 termos
2026-03-18 13:00:46 - api_termos_pendentes.php: categoria_id(session) = 2, categoria_id(usa) = 2
Encontrados 2 termos
2026-03-18 13:01:14 - api_termos_pendentes.php: categoria_id(session) = 2, categoria_id(usa) = 2
Encontrados 2 termos
2026-03-18 13:02:02 - api_termos_pendentes.php: categoria_id(session) = 2, categoria_id(usa) = 2
Encontrados 2 termos
2026-03-18 13:02:14 - api_termos_pendentes.php: categoria_id(session) = 2, categoria_id(usa) = 2
Encontrados 1 termos
2026-03-18 13:03:21 - Iniciando API
Campos preenchidos: gustavo
Categoria: 1, Usuario: 2
Imagem salva: uploads/69ba9489ef46d_Captura de tela 2026-03-18 075038.png
Preparando SQL
Inserido com sucesso
2026-03-18 13:03:38 - api_termos_pendentes.php: categoria_id(session) = 1, categoria_id(usa) = 1
Encontrados 3 termos
2026-03-18 13:03:42 - api_termos_pendentes.php: categoria_id(session) = 1, categoria_id(usa) = 1
Encontrados 2 termos
